[[[  4   3   0]
  [  5   2   0]
  [  5   1   0]
  ...
  [  6   7   9]
  [  1   5   6]
  [  3   2   8]]

 [[  6   3   0]
  [ 10   6   0]
  [ 55  47  34]
  ...
  [  0   1   0]
  [  4   4   4]
  [  5   4   9]]

 [[  4   0   0]
  [104  98  84]
  [197 185 159]
  ...
  [ 82  78  67]
  [  9   6   1]
  [  3   1   2]]

 ...

 [[ 53  37  21]
  [135 118  98]
  [151 134 108]
  ...
  [137 124 108]
  [150 141 126]
  [ 37  28  19]]

 [[ 12   0   0]
  [ 76  64  52]
  [118 102  87]
  ...
  [140 130 121]
  [ 43  34  27]
  [  6   0   0]]

 [[ 10   2   0]
  [ 11   2   0]
  [ 22   9   3]
  ...
  [ 41  36  32]
  [  3   0   0]
  [  4   3   1]]] /data/pytorch-imagenet-data/train/n03494278/n03494278_12187.JPEG
